<?xml version="1.0" encoding="UTF-8"?>
<!-- Generated by org.testng.reporters.JUnitXMLReporter -->
<testsuite ignored="0" hostname="DESKTOP-0N88LAP" failures="0" tests="3" name="Default test" time="7.567" errors="0" timestamp="2022-02-20T21:44:36 IST">
  <testcase classname="com.qa.testcode.TC_DDT_DELETE_01" name="deleteRecord" time="6.217"/>
  <testcase classname="com.qa.testcode.TC_DDT_DELETE_01" name="deleteRecord" time="0.574"/>
  <testcase classname="com.qa.testcode.TC_DDT_DELETE_01" name="deleteRecord" time="0.648"/>
</testsuite> <!-- Default test -->
