<?xml version="1.0" encoding="UTF-8"?>
<testng-results ignored="0" total="3" passed="3" failed="0" skipped="0">
  <reporter-output>
  </reporter-output>
  <suite started-at="2022-02-20T21:44:28 IST" name="Default suite" finished-at="2022-02-20T21:44:35 IST" duration-ms="7567">
    <groups>
    </groups>
    <test started-at="2022-02-20T21:44:28 IST" name="Default test" finished-at="2022-02-20T21:44:35 IST" duration-ms="7567">
      <class name="com.qa.testcode.TC_DDT_DELETE_01">
        <test-method signature="deleteRecord(int)[pri:0, instance:com.qa.testcode.TC_DDT_DELETE_01@10959ece]" started-at="2022-02-20T21:44:28 IST" name="deleteRecord" data-provider="getDataforDelete" finished-at="2022-02-20T21:44:34 IST" duration-ms="6217" status="PASS">
          <params>
            <param index="0">
              <value>
                <![CDATA[2]]>
              </value>
            </param>
          </params>
          <reporter-output>
          </reporter-output>
        </test-method> <!-- deleteRecord -->
        <test-method signature="deleteRecord(int)[pri:0, instance:com.qa.testcode.TC_DDT_DELETE_01@10959ece]" started-at="2022-02-20T21:44:34 IST" name="deleteRecord" data-provider="getDataforDelete" finished-at="2022-02-20T21:44:35 IST" duration-ms="574" status="PASS">
          <params>
            <param index="0">
              <value>
                <![CDATA[3]]>
              </value>
            </param>
          </params>
          <reporter-output>
          </reporter-output>
        </test-method> <!-- deleteRecord -->
        <test-method signature="deleteRecord(int)[pri:0, instance:com.qa.testcode.TC_DDT_DELETE_01@10959ece]" started-at="2022-02-20T21:44:35 IST" name="deleteRecord" data-provider="getDataforDelete" finished-at="2022-02-20T21:44:35 IST" duration-ms="648" status="PASS">
          <params>
            <param index="0">
              <value>
                <![CDATA[4]]>
              </value>
            </param>
          </params>
          <reporter-output>
          </reporter-output>
        </test-method> <!-- deleteRecord -->
      </class> <!-- com.qa.testcode.TC_DDT_DELETE_01 -->
    </test> <!-- Default test -->
  </suite> <!-- Default suite -->
</testng-results>
